#
# There is insufficient memory for the Java Runtime Environment to continue.
# Native memory allocation (malloc) failed to allocate 524288 bytes for AllocateHeap
# Possible reasons:
#   The system is out of physical RAM or swap space
#   The process is running with CompressedOops enabled, and the Java Heap may be blocking the growth of the native heap
# Possible solutions:
#   Reduce memory load on the system
#   Increase physical memory or swap space
#   Check if swap backing store is full
#   Decrease Java heap size (-Xmx/-Xms)
#   Decrease number of Java threads
#   Decrease Java thread stack sizes (-Xss)
#   Set larger code cache with -XX:ReservedCodeCacheSize=
#   JVM is running with Unscaled Compressed Oops mode in which the Java heap is
#     placed in the first 4GB address space. The Java Heap base address is the
#     maximum limit for the native heap growth. Please use -XX:HeapBaseMinAddress
#     to set the Java Heap base and to place the Java Heap above 4GB virtual address.
# This output file may be truncated or incomplete.
#
#  Out of Memory Error (c:/BuildAgent/work/5ff2f6c26000d570/src/hotspot/share/memory/allocation.cpp:46), pid=22932, tid=33996
#
# JRE version:  (11.0.4+10) (build )
# Java VM: OpenJDK 64-Bit Server VM (11.0.4+10-b520.11, mixed mode, tiered, compressed oops, g1 gc, windows-amd64)
# No core dump will be written. Minidumps are not enabled by default on client versions of Windows
#

---------------  S U M M A R Y ------------

Command Line: -javaagent:D:\sortware\IntelliJ IDEA Community Edition 2019.3\lib\idea_rt.jar=53378:D:\sortware\IntelliJ IDEA Community Edition 2019.3\bin -Dfile.encoding=UTF-8 BackTrackTest

Host: Intel(R) Core(TM) i5-8250U CPU @ 1.60GHz, 8 cores, 7G,  Windows 10 , 64 bit Build 19041 (10.0.19041.1023)
Time: Thu Aug 19 11:17:51 2021 中国标准时间 elapsed time: 0 seconds (0d 0h 0m 0s)

---------------  T H R E A D  ---------------

Current thread (0x0000024c5491b800):  JavaThread "Unknown thread" [_thread_in_vm, id=33996, stack(0x000000f0aff00000,0x000000f0b0000000)]

Stack: [0x000000f0aff00000,0x000000f0b0000000]
Native frames: (J=compiled Java code, j=interpreted, Vv=VM code, C=native code)
V  [jvm.dll+0x5db21a]
V  [jvm.dll+0x70c4f5]
V  [jvm.dll+0x70da18]
V  [jvm.dll+0x70e0e3]
V  [jvm.dll+0x23de68]
V  [jvm.dll+0xb0b84]
V  [jvm.dll+0x66c18f]
V  [jvm.dll+0x66c127]
V  [jvm.dll+0x66c2aa]
V  [jvm.dll+0x6eac12]
V  [jvm.dll+0x6ed037]
V  [jvm.dll+0x354fe9]
V  [jvm.dll+0x6d35ae]
V  [jvm.dll+0x3bd7e3]
V  [jvm.dll+0x3bfb81]
C  [java.exe+0x3763]
C  [java.exe+0x17a0c]
C  [KERNEL32.DLL+0x17034]
C  [ntdll.dll+0x52651]


---------------  P R O C E S S  ---------------

Threads class SMR info:
_java_thread_list=0x0000024c52f5cf20, length=0, elements={
}

Java Threads: ( => current thread )

Other Threads:
  0x0000024c54934800 GCTaskThread "GC Thread#0" [stack: 0x000000f0b0000000,0x000000f0b0100000] [id=13084]
  0x0000024c5495e800 ConcurrentGCThread "G1 Main Marker" [stack: 0x000000f0b0100000,0x000000f0b0200000] [id=41016]
  0x0000024c54961000 ConcurrentGCThread "G1 Conc#0" [stack: 0x000000f0b0200000,0x000000f0b0300000] [id=41800]
  0x0000024c549f4000 ConcurrentGCThread "G1 Refine#0" [stack: 0x000000f0b0300000,0x000000f0b0400000] [id=38016]
  0x0000024c6f5c0800 ConcurrentGCThread "G1 Young RemSet Sampling" [stack: 0x000000f0b0400000,0x000000f0b0500000] [id=40284]

=>0x0000024c5491b800 (exited) JavaThread "Unknown thread" [_thread_in_vm, id=33996, stack(0x000000f0aff00000,0x000000f0b0000000)]

Threads with active compile tasks:

VM state:not at safepoint (not fully initialized)

VM Mutex/Monitor currently owned by a thread: None

Heap address: 0x0000000082200000, size: 2014 MB, Compressed Oops mode: 32-bit
Narrow klass base: 0x0000000000000000, Narrow klass shift: 3
Compressed class space size: 1073741824 Address: 0x0000000100000000

GC Heap History (0 events):
No events

Deoptimization events (0 events):
No events

Classes redefined (0 events):
No events

Internal exceptions (0 events):
No events

Events (0 events):
No events


Dynamic libraries:
0x00007ff6146f0000 - 0x00007ff614737000 	D:\sortware\IntelliJ IDEA Community Edition 2019.3\jbr\bin\java.exe
0x00007ff82f710000 - 0x00007ff82f905000 	C:\WINDOWS\SYSTEM32\ntdll.dll
0x00007ff82ea90000 - 0x00007ff82eb4d000 	C:\WINDOWS\System32\KERNEL32.DLL
0x00007ff82cf80000 - 0x00007ff82d249000 	C:\WINDOWS\System32\KERNELBASE.dll
0x00007ff82e610000 - 0x00007ff82e7b0000 	C:\WINDOWS\System32\USER32.dll
0x00007ff82d750000 - 0x00007ff82d772000 	C:\WINDOWS\System32\win32u.dll
0x00007ff82e8d0000 - 0x00007ff82e8fa000 	C:\WINDOWS\System32\GDI32.dll
0x00007ff82d430000 - 0x00007ff82d53b000 	C:\WINDOWS\System32\gdi32full.dll
0x00007ff82cee0000 - 0x00007ff82cf7d000 	C:\WINDOWS\System32\msvcp_win.dll
0x00007ff82d2d0000 - 0x00007ff82d3d0000 	C:\WINDOWS\System32\ucrtbase.dll
0x00007ff81d090000 - 0x00007ff81d32a000 	C:\WINDOWS\WinSxS\amd64_microsoft.windows.common-controls_6595b64144ccf1df_6.0.19041.1110_none_60b5254171f9507e\COMCTL32.dll
0x00007ff82ebd0000 - 0x00007ff82ec6e000 	C:\WINDOWS\System32\msvcrt.dll
0x00007ff82f3e0000 - 0x00007ff82f410000 	C:\WINDOWS\System32\IMM32.DLL
0x00007ff80eca0000 - 0x00007ff80ecb7000 	D:\sortware\IntelliJ IDEA Community Edition 2019.3\jbr\bin\vcruntime140.dll
0x00007ff8006e0000 - 0x00007ff80077d000 	D:\sortware\IntelliJ IDEA Community Edition 2019.3\jbr\bin\msvcp140.dll
0x00007ffffd9c0000 - 0x00007ffffe478000 	D:\sortware\IntelliJ IDEA Community Edition 2019.3\jbr\bin\server\jvm.dll
0x00007ff82ecf0000 - 0x00007ff82ed9c000 	C:\WINDOWS\System32\ADVAPI32.dll
0x00007ff82e900000 - 0x00007ff82e99b000 	C:\WINDOWS\System32\sechost.dll
0x00007ff82f4f0000 - 0x00007ff82f61a000 	C:\WINDOWS\System32\RPCRT4.dll
0x00007ff82f410000 - 0x00007ff82f418000 	C:\WINDOWS\System32\PSAPI.DLL
0x00007ff826ad0000 - 0x00007ff826ada000 	C:\WINDOWS\SYSTEM32\VERSION.dll
0x00007ff812370000 - 0x00007ff812397000 	C:\WINDOWS\SYSTEM32\WINMM.dll
0x00007ff828310000 - 0x00007ff828319000 	C:\WINDOWS\SYSTEM32\WSOCK32.dll
0x00007ff82ec70000 - 0x00007ff82ecdb000 	C:\WINDOWS\System32\WS2_32.dll
0x00007ff82b760000 - 0x00007ff82b772000 	C:\WINDOWS\SYSTEM32\kernel.appcore.dll
0x00007ff827a60000 - 0x00007ff827a71000 	D:\sortware\IntelliJ IDEA Community Edition 2019.3\jbr\bin\verify.dll
0x00007ff81ae10000 - 0x00007ff81aff4000 	C:\WINDOWS\SYSTEM32\DBGHELP.DLL
0x00007ff81acd0000 - 0x00007ff81acfc000 	C:\WINDOWS\SYSTEM32\dbgcore.DLL
0x00007ff82ce50000 - 0x00007ff82ced3000 	C:\WINDOWS\System32\bcryptPrimitives.dll
0x00007ff81b2a0000 - 0x00007ff81b2c9000 	D:\sortware\IntelliJ IDEA Community Edition 2019.3\jbr\bin\java.dll
0x00007ff8002d0000 - 0x00007ff800304000 	D:\sortware\IntelliJ IDEA Community Edition 2019.3\jbr\bin\instrument.dll
0x00007ff80f4a0000 - 0x00007ff80f4b7000 	D:\sortware\IntelliJ IDEA Community Edition 2019.3\jbr\bin\zip.dll
0x00007ff8282f0000 - 0x00007ff8282fb000 	D:\sortware\IntelliJ IDEA Community Edition 2019.3\jbr\bin\jimage.dll

dbghelp: loaded successfully - version: 4.0.5 - missing functions: none
symbol engine: initialized successfully - sym options: 0x614 - pdb path: .;D:\sortware\IntelliJ IDEA Community Edition 2019.3\jbr\bin;C:\WINDOWS\SYSTEM32;C:\WINDOWS\WinSxS\amd64_microsoft.windows.common-controls_6595b64144ccf1df_6.0.19041.1110_none_60b5254171f9507e;D:\sortware\IntelliJ IDEA Community Edition 2019.3\jbr\bin\server

VM Arguments:
jvm_args: -javaagent:D:\sortware\IntelliJ IDEA Community Edition 2019.3\lib\idea_rt.jar=53378:D:\sortware\IntelliJ IDEA Community Edition 2019.3\bin -Dfile.encoding=UTF-8 
java_command: BackTrackTest
java_class_path (initial): D:\java-common-tools\target\test-classes;D:\java-common-tools\target\classes;D:\maven_repo\com\google\code\gson\gson\2.8.6\gson-2.8.6.jar
Launcher Type: SUN_STANDARD

[Global flags]
     intx CICompilerCount                          = 4                                         {product} {ergonomic}
     uint ConcGCThreads                            = 2                                         {product} {ergonomic}
     uint G1ConcRefinementThreads                  = 8                                         {product} {ergonomic}
   size_t G1HeapRegionSize                         = 1048576                                   {product} {ergonomic}
    uintx GCDrainStackTargetSize                   = 64                                        {product} {ergonomic}
   size_t InitialHeapSize                          = 132120576                                 {product} {ergonomic}
   size_t MarkStackSize                            = 4194304                                   {product} {ergonomic}
   size_t MaxHeapSize                              = 2111832064                                {product} {ergonomic}
   size_t MaxNewSize                               = 1266679808                                {product} {ergonomic}
   size_t MinHeapDeltaBytes                        = 1048576                                   {product} {ergonomic}
    uintx NonNMethodCodeHeapSize                   = 5835340                                {pd product} {ergonomic}
    uintx NonProfiledCodeHeapSize                  = 122911450                              {pd product} {ergonomic}
    uintx ProfiledCodeHeapSize                     = 122911450                              {pd product} {ergonomic}
    uintx ReservedCodeCacheSize                    = 251658240                              {pd product} {ergonomic}
     bool SegmentedCodeCache                       = true                                      {product} {ergonomic}
     bool UseCompressedClassPointers               = true                                 {lp64_product} {ergonomic}
     bool UseCompressedOops                        = true                                 {lp64_product} {ergonomic}
     bool UseG1GC                                  = true                                      {product} {ergonomic}
     bool UseLargePagesIndividualAllocation        = false                                  {pd product} {ergonomic}

Logging:
Log output configuration:
 #0: stdout all=warning uptime,level,tags
 #1: stderr all=off uptime,level,tags

Environment Variables:
JAVA_HOME=D:\jdk1.8.0_144
PATH=C:\Program Files (x86)\NetSarang\Xftp 6\;C:\Program Files (x86)\Common Files\Oracle\Java\javapath;C:\Python39\Scripts\;C:\Python39\;C:\ProgramData\Oracle\Java\javapath;D:\sortware\xshell\;C:\WINDOWS\system32;C:\WINDOWS;C:\WINDOWS\System32\Wbem;C:\WINDOWS\System32\WindowsPowerShell\v1.0\;C:\WINDOWS\System32\OpenSSH\;D:\apache-maven-3.6.3\bin;D:\jdk1.8.0_144\bin;D:\sortware\Git\cmd;C:\Program Files\nodejs\;C:\ProgramData\chocolatey\bin;D:\scala-2.11.8\bin;D:\hadoop-2.7.2\bin;D:\spark-2.1.1\bin;C:\Users\user\AppData\Local\Microsoft\WindowsApps;D:\sortware\IntelliJ IDEA Community Edition 2019.3\bin;;C:\Users\user\AppData\Local\atom\bin;C:\Users\user\AppData\Roaming\npm;C:\Users\user\AppData\Local\Microsoft\WindowsApps;
USERNAME=user
OS=Windows_NT
PROCESSOR_IDENTIFIER=Intel64 Family 6 Model 142 Stepping 10, GenuineIntel



---------------  S Y S T E M  ---------------

OS: Windows 10 , 64 bit Build 19041 (10.0.19041.1023)

CPU:total 8 (initial active 8) (4 cores per cpu, 2 threads per core) family 6 model 142 stepping 10, cmov, cx8, fxsr, mmx, sse, sse2, sse3, ssse3, sse4.1, sse4.2, popcnt, avx, avx2, clmul, erms, 3dnowpref, lzcnt, ht, tsc, tscinvbit, bmi1, bmi2, adx, fma

Memory: 4k page, system-wide physical 8051M (523M free)
TotalPageFile size 23153M (AvailPageFile size 3M)
current process WorkingSet (physical memory assigned to process): 16M, peak: 16M
current process commit charge ("private bytes"): 192M, peak: 195M

vm_info: OpenJDK 64-Bit Server VM (11.0.4+10-b520.11) for windows-amd64 JRE (11.0.4+10-b520.11), built on Nov 16 2019 04:35:14 by "" with MS VC++ 14.0 (VS2015)

END.
